1>------ 정리 시작: 프로젝트: P2P (Libs\P2P\P2P), 구성: Debug x64 ------
========== 정리: 성공 1, 실패 0, 생략 0 ==========

1>------ 정리 시작: 프로젝트: Rendezvous, 구성: Debug x64 ------
========== 정리: 성공 1, 실패 0, 생략 0 ==========

1>------ 정리 시작: 프로젝트: RendezvousEx, 구성: Debug x64 ------
========== 정리: 성공 1, 실패 0, 생략 0 ==========

1>------ 정리 시작: 프로젝트: Generic (Libs\Generic), 구성: Debug x64 ------
========== 정리: 성공 1, 실패 0, 생략 0 ==========

1>------ 정리 시작: 프로젝트: Thread (Libs\Thread), 구성: Debug x64 ------
========== 정리: 성공 1, 실패 0, 생략 0 ==========

1>------ 정리 시작: 프로젝트: TaskScheduler (Libs\TaskScheduler), 구성: Debug x64 ------
========== 정리: 성공 1, 실패 0, 생략 0 ==========

1>------ 정리 시작: 프로젝트: Proactor (Libs\Proactor), 구성: Debug x64 ------
========== 정리: 성공 1, 실패 0, 생략 0 ==========

1>------ 정리 시작: 프로젝트: Process (Libs\Process), 구성: Debug x64 ------
========== 정리: 성공 1, 실패 0, 생략 0 ==========

1>------ 정리 시작: 프로젝트: DBEngine (Libs\DBEngine), 구성: Debug x64 ------
========== 정리: 성공 1, 실패 0, 생략 0 ==========

1>------ 정리 시작: 프로젝트: PdhMonitor (Libs\PdhMonitor), 구성: Debug x64 ------
========== 정리: 성공 1, 실패 0, 생략 0 ==========

1>------ 정리 시작: 프로젝트: Compressor (Libs\Compressor), 구성: Debug x64 ------
========== 정리: 성공 1, 실패 0, 생략 0 ==========

1>------ 정리 시작: 프로젝트: ServerApp (Libs\ServerApp), 구성: Debug x64 ------
========== 정리: 성공 1, 실패 0, 생략 0 ==========

1>------ 정리 시작: 프로젝트: AgentUtil, 구성: Debug x64 ------
========== 정리: 성공 1, 실패 0, 생략 0 ==========

